Flow report for Optometer
Tue Nov 07 20:09:55 2017
Quartus II Version 9.0 Build 235 06/17/2009 Service Pack 2 SJ Web Edition


---------------------
; Table of Contents ;
---------------------
  1. Legal Notice
  2. Flow Summary
  3. Flow Settings
  4. Flow Non-Default Global Settings
  5. Flow Elapsed Time
  6. Flow OS Summary
  7. Flow Log



----------------
; Legal Notice ;
----------------
Copyright (C) 1991-2009 Altera Corporation
Your use of Altera Corporation's design tools, logic functions 
and other software and tools, and its AMPP partner logic 
functions, and any output files from any of the foregoing 
(including device programming or simulation files), and any 
associated documentation or information are expressly subject 
to the terms and conditions of the Altera Program License 
Subscription Agreement, Altera MegaCore Function License 
Agreement, or other applicable license agreement, including, 
without limitation, that your use is for the sole purpose of 
programming logic devices manufactured by Altera and sold by 
Altera or its authorized distributors.  Please refer to the 
applicable agreement for further details.



+------------------------------------------------------------------------+
; Flow Summary                                                           ;
+-------------------------+----------------------------------------------+
; Flow Status             ; Successful - Tue Nov 07 20:09:55 2017        ;
; Quartus II Version      ; 9.0 Build 235 06/17/2009 SP 2 SJ Web Edition ;
; Revision Name           ; Optometer                                    ;
; Top-level Entity Name   ; Optometer                                    ;
; Family                  ; MAX II                                       ;
; Device                  ; EPM1270T144C5                                ;
; Timing Models           ; Final                                        ;
; Met timing requirements ; No                                           ;
; Total logic elements    ; 661 / 1,270 ( 52 % )                         ;
; Total pins              ; 55 / 116 ( 47 % )                            ;
; Total virtual pins      ; 0                                            ;
; UFM blocks              ; 0 / 1 ( 0 % )                                ;
+-------------------------+----------------------------------------------+


+-----------------------------------------+
; Flow Settings                           ;
+-------------------+---------------------+
; Option            ; Setting             ;
+-------------------+---------------------+
; Start date & time ; 11/07/2017 20:09:42 ;
; Main task         ; Compilation         ;
; Revision Name     ; Optometer           ;
+-------------------+---------------------+


+---------------------------------------------------------------------------------------------------------------------------------------------------------------------+
; Flow Non-Default Global Settings                                                                                                                                    ;
+---------------------------------------+------------------------------------------------------------------------------+---------------+-------------+----------------+
; Assignment Name                       ; Value                                                                        ; Default Value ; Entity Name ; Section Id     ;
+---------------------------------------+------------------------------------------------------------------------------+---------------+-------------+----------------+
; COMPILER_SIGNATURE_ID                 ; 1097700604454.151005658200920                                                ; --            ; --          ; --             ;
; MAX_CORE_JUNCTION_TEMP                ; 85                                                                           ; --            ; --          ; --             ;
; MIN_CORE_JUNCTION_TEMP                ; 0                                                                            ; --            ; --          ; --             ;
; MISC_FILE                             ; C:/Users/Administrator/Desktop/数电实验下/Optometer/Optometer.dpf            ; --            ; --          ; --             ;
; MISC_FILE                             ; C:/Users/Administrator/Desktop/数字电路设计实验 (下)/Optometer/Optometer.dpf ; --            ; --          ; --             ;
; MISC_FILE                             ; H:/数字电路设计实验 (下)/Optometer/Optometer.dpf                             ; --            ; --          ; --             ;
; MISC_FILE                             ; \\Mac\Home\Desktop\数字电路设计实验 (下)\Optometer\Optometer.dpf             ; --            ; --          ; --             ;
; POWER_EXT_SUPPLY_VOLTAGE_TO_REGULATOR ; 3.3V                                                                         ; --            ; --          ; --             ;
; USE_GENERATED_PHYSICAL_CONSTRAINTS    ; Off                                                                          ; --            ; --          ; eda_blast_fpga ;
+---------------------------------------+------------------------------------------------------------------------------+---------------+-------------+----------------+


+-----------------------------------------------------------------------------------------------------------------------------+
; Flow Elapsed Time                                                                                                           ;
+-------------------------+--------------+-------------------------+---------------------+------------------------------------+
; Module Name             ; Elapsed Time ; Average Processors Used ; Peak Virtual Memory ; Total CPU Time (on all processors) ;
+-------------------------+--------------+-------------------------+---------------------+------------------------------------+
; Analysis & Synthesis    ; 00:00:05     ; 1.0                     ; 245 MB              ; 00:00:05                           ;
; Fitter                  ; 00:00:02     ; 1.0                     ; 204 MB              ; 00:00:03                           ;
; Assembler               ; 00:00:00     ; 1.0                     ; 185 MB              ; 00:00:00                           ;
; Classic Timing Analyzer ; 00:00:01     ; 1.0                     ; 159 MB              ; 00:00:01                           ;
; Total                   ; 00:00:08     ; --                      ; --                  ; 00:00:09                           ;
+-------------------------+--------------+-------------------------+---------------------+------------------------------------+


+------------------------------------------------------------------------------------------+
; Flow OS Summary                                                                          ;
+-------------------------+------------------+---------------+------------+----------------+
; Module Name             ; Machine Hostname ; OS Name       ; OS Version ; Processor type ;
+-------------------------+------------------+---------------+------------+----------------+
; Analysis & Synthesis    ; TERENCEE992      ; Windows Vista ; 6.2        ; x86_64         ;
; Fitter                  ; TERENCEE992      ; Windows Vista ; 6.2        ; x86_64         ;
; Assembler               ; TERENCEE992      ; Windows Vista ; 6.2        ; x86_64         ;
; Classic Timing Analyzer ; TERENCEE992      ; Windows Vista ; 6.2        ; x86_64         ;
+-------------------------+------------------+---------------+------------+----------------+


------------
; Flow Log ;
------------
quartus_map --read_settings_files=on --write_settings_files=off Optometer -c Optometer
quartus_fit --read_settings_files=off --write_settings_files=off Optometer -c Optometer
quartus_asm --read_settings_files=off --write_settings_files=off Optometer -c Optometer
quartus_tan --read_settings_files=off --write_settings_files=off Optometer -c Optometer



